Arguments: 
  C:\Program Files\nodejs\node.exe C:\Users\webmu\AppData\Roaming\npm\node_modules\yarn\bin\yarn.js start

PATH: 
  C:\Windows\system32;C:\Windows;C:\Windows\System32\Wbem;C:\Windows\System32\WindowsPowerShell\v1.0\;C:\Windows\System32\OpenSSH\;C:\ProgramData\chocolatey\bin;C:\Program Files\nodejs\;C:\Users\webmu\AppData\Local\Microsoft\WindowsApps;;C:\Users\webmu\AppData\Local\Programs\Microsoft VS Code\bin;C:\Users\webmu\AppData\Roaming\npm

Yarn version: 
  1.22.19

Node version: 
  18.16.0

Platform: 
  win32 x64

Trace: 
  SyntaxError: C:\Users\webmu\OneDrive\Рабочий стол\curs\package.json: Unexpected string in JSON at position 172
      at JSON.parse (<anonymous>)
      at C:\Users\webmu\AppData\Roaming\npm\node_modules\yarn\lib\cli.js:1629:59
      at Generator.next (<anonymous>)
      at step (C:\Users\webmu\AppData\Roaming\npm\node_modules\yarn\lib\cli.js:310:30)
      at C:\Users\webmu\AppData\Roaming\npm\node_modules\yarn\lib\cli.js:321:13

npm manifest: 
  {
    "name": "curs",
    "version": "1.0.0",
    "main": "index.js",
    "license": "MIT",
    "script": {
      "start": "cd src/scripts && yarn tsc && node urok2 && cd ../.."
    }
    "devDependencies": {
      "typescript": "5.2.2"
    }
  }

yarn manifest: 
  No manifest

Lockfile: 
  # THIS IS AN AUTOGENERATED FILE. DO NOT EDIT THIS FILE DIRECTLY.
  # yarn lockfile v1
  
  
  typescript@^5.2.2:
    version "5.2.2"
    resolved "https://registry.yarnpkg.com/typescript/-/typescript-5.2.2.tgz#5ebb5e5a5b75f085f22bc3f8460fba308310fa78"
    integrity sha512-mI4WrpHsbCIcwT9cF4FZvr80QUeKvsUsUvKDoR+X/7XHQH98xYD8YHZg7ANtz2GtZt/CBq2QJ0thkGJMHfqc1w==
